<!DOCTYPE html>
<html>
<head>
    <title>Unittest Results</title>
    <meta charset="utf-8">
    <meta name="viewport" content="width=device-width, initial-scale=1.0">
    <link rel="stylesheet" href="https://maxcdn.bootstrapcdn.com/bootstrap/3.3.6/css/bootstrap.min.css" integrity="sha384-1q8mTJOASx8j1Au+a5WDVnPi2lkFfwwEAa8hDDdjZlpLegxhjVME1fgjWPGmkzs7" crossorigin="anonymous">
</head>
<body>
    <div class="container">
        <div class="row">
            <div class="col-xs-12">
                <h2 class="text-capitalize">Unittest Results</h2>
                <p class='attribute'><strong>Start Time: </strong>2023-08-08 23:11:59</p>
                <p class='attribute'><strong>Duration: </strong>1.45 s</p>
                <p class='attribute'><strong>Summary: </strong>Total: 2, Pass: 0, Error: 2</p>
            </div>
        </div>
        <div class="row">
            <div class="col-xs-12 col-sm-10 col-md-10">
                <table class='table table-hover table-responsive'>
                    <thead>
                        <tr>
                            <th>__main__.TestSubmitButton</th>
                            <th>Status</th>
                            <th></th>
                        </tr>
                    </thead>
                    <tbody>
                        <tr class='warning'>
                            <td class="col-xs-10">test_submit_button_with_correct_id_and_amount</td>
                            <td class="col-xs-1">
                                <span class="label label-warning" style="display:block;width:40px;">Error</span>
                            </td>
                            <td class="col-xs-1">
                                <button class="btn btn-default btn-xs">View</button>
                            </td>
                        </tr>
                        <tr style="display:none;">
                            <td class="col-xs-9" colspan="3"><p style="color:maroon;">NoSuchElementException: Message: no such element: Unable to locate element: {"method":"css selector","selector":"[name="submit"]"}
  (Session info: chrome=115.0.5790.171); For documentation on this error, please visit: https://www.selenium.dev/documentation/webdriver/troubleshooting/errors#no-such-element-exception
Stacktrace:
Backtrace:
	GetHandleVerifier [0x0038A813+48355]
	(No symbol) [0x0031C4B1]
	(No symbol) [0x00225358]
	(No symbol) [0x002509A5]
	(No symbol) [0x00250B3B]
	(No symbol) [0x0027E232]
	(No symbol) [0x0026A784]
	(No symbol) [0x0027C922]
	(No symbol) [0x0026A536]
	(No symbol) [0x002482DC]
	(No symbol) [0x002493DD]
	GetHandleVerifier [0x005EAABD+2539405]
	GetHandleVerifier [0x0062A78F+2800735]
	GetHandleVerifier [0x0062456C+2775612]
	GetHandleVerifier [0x004151E0+616112]
	(No symbol) [0x00325F8C]
	(No symbol) [0x00322328]
	(No symbol) [0x0032240B]
	(No symbol) [0x00314FF7]
	BaseThreadInitThunk [0x762200C9+25]
	RtlGetAppContainerNamedObjectPath [0x77257B1E+286]
	RtlGetAppContainerNamedObjectPath [0x77257AEE+238]
</p><p style="color:maroon;">Traceback (most recent call last):
  File "C:\Users\Gleb\Documents\DurhamCollege\Semester 2\INFT-1207 - Software Testing and Automatn\FINALPROJECT\COMPLETE\INFT 1207 – Group7.py", line 1453, in test_submit_button_with_correct_id_and_amount
    submit_button = self.driver.find_element(By.NAME, "submit")
                    ^^^^^^^^^^^^^^^^^^^^^^^^^^^^^^^^^^^^^^^^^^^
  File "C:\Users\Gleb\AppData\Local\Programs\Python\Python311\Lib\site-packages\selenium\webdriver\remote\webdriver.py", line 740, in find_element
    return self.execute(Command.FIND_ELEMENT, {"using": by, "value": value})["value"]
           ^^^^^^^^^^^^^^^^^^^^^^^^^^^^^^^^^^^^^^^^^^^^^^^^^^^^^^^^^^^^^^^^^
  File "C:\Users\Gleb\AppData\Local\Programs\Python\Python311\Lib\site-packages\selenium\webdriver\remote\webdriver.py", line 346, in execute
    self.error_handler.check_response(response)
  File "C:\Users\Gleb\AppData\Local\Programs\Python\Python311\Lib\site-packages\selenium\webdriver\remote\errorhandler.py", line 245, in check_response
    raise exception_class(message, screen, stacktrace)
selenium.common.exceptions.NoSuchElementException: Message: no such element: Unable to locate element: {"method":"css selector","selector":"[name="submit"]"}
  (Session info: chrome=115.0.5790.171); For documentation on this error, please visit: https://www.selenium.dev/documentation/webdriver/troubleshooting/errors#no-such-element-exception
Stacktrace:
Backtrace:
	GetHandleVerifier [0x0038A813+48355]
	(No symbol) [0x0031C4B1]
	(No symbol) [0x00225358]
	(No symbol) [0x002509A5]
	(No symbol) [0x00250B3B]
	(No symbol) [0x0027E232]
	(No symbol) [0x0026A784]
	(No symbol) [0x0027C922]
	(No symbol) [0x0026A536]
	(No symbol) [0x002482DC]
	(No symbol) [0x002493DD]
	GetHandleVerifier [0x005EAABD+2539405]
	GetHandleVerifier [0x0062A78F+2800735]
	GetHandleVerifier [0x0062456C+2775612]
	GetHandleVerifier [0x004151E0+616112]
	(No symbol) [0x00325F8C]
	(No symbol) [0x00322328]
	(No symbol) [0x0032240B]
	(No symbol) [0x00314FF7]
	BaseThreadInitThunk [0x762200C9+25]
	RtlGetAppContainerNamedObjectPath [0x77257B1E+286]
	RtlGetAppContainerNamedObjectPath [0x77257AEE+238]

</p>
                            </td>
                        </tr>
                        <tr class='warning'>
                            <td class="col-xs-10">test_submit_button_with_incorrect_id</td>
                            <td class="col-xs-1">
                                <span class="label label-warning" style="display:block;width:40px;">Error</span>
                            </td>
                            <td class="col-xs-1">
                                <button class="btn btn-default btn-xs">View</button>
                            </td>
                        </tr>
                        <tr style="display:none;">
                            <td class="col-xs-9" colspan="3"><p style="color:maroon;">NoSuchElementException: Message: no such element: Unable to locate element: {"method":"css selector","selector":"[name="submit"]"}
  (Session info: chrome=115.0.5790.171); For documentation on this error, please visit: https://www.selenium.dev/documentation/webdriver/troubleshooting/errors#no-such-element-exception
Stacktrace:
Backtrace:
	GetHandleVerifier [0x0038A813+48355]
	(No symbol) [0x0031C4B1]
	(No symbol) [0x00225358]
	(No symbol) [0x002509A5]
	(No symbol) [0x00250B3B]
	(No symbol) [0x0027E232]
	(No symbol) [0x0026A784]
	(No symbol) [0x0027C922]
	(No symbol) [0x0026A536]
	(No symbol) [0x002482DC]
	(No symbol) [0x002493DD]
	GetHandleVerifier [0x005EAABD+2539405]
	GetHandleVerifier [0x0062A78F+2800735]
	GetHandleVerifier [0x0062456C+2775612]
	GetHandleVerifier [0x004151E0+616112]
	(No symbol) [0x00325F8C]
	(No symbol) [0x00322328]
	(No symbol) [0x0032240B]
	(No symbol) [0x00314FF7]
	BaseThreadInitThunk [0x762200C9+25]
	RtlGetAppContainerNamedObjectPath [0x77257B1E+286]
	RtlGetAppContainerNamedObjectPath [0x77257AEE+238]
</p><p style="color:maroon;">Traceback (most recent call last):
  File "C:\Users\Gleb\Documents\DurhamCollege\Semester 2\INFT-1207 - Software Testing and Automatn\FINALPROJECT\COMPLETE\INFT 1207 – Group7.py", line 1430, in test_submit_button_with_incorrect_id
    submit_button = self.driver.find_element(By.NAME, "submit")
                    ^^^^^^^^^^^^^^^^^^^^^^^^^^^^^^^^^^^^^^^^^^^
  File "C:\Users\Gleb\AppData\Local\Programs\Python\Python311\Lib\site-packages\selenium\webdriver\remote\webdriver.py", line 740, in find_element
    return self.execute(Command.FIND_ELEMENT, {"using": by, "value": value})["value"]
           ^^^^^^^^^^^^^^^^^^^^^^^^^^^^^^^^^^^^^^^^^^^^^^^^^^^^^^^^^^^^^^^^^
  File "C:\Users\Gleb\AppData\Local\Programs\Python\Python311\Lib\site-packages\selenium\webdriver\remote\webdriver.py", line 346, in execute
    self.error_handler.check_response(response)
  File "C:\Users\Gleb\AppData\Local\Programs\Python\Python311\Lib\site-packages\selenium\webdriver\remote\errorhandler.py", line 245, in check_response
    raise exception_class(message, screen, stacktrace)
selenium.common.exceptions.NoSuchElementException: Message: no such element: Unable to locate element: {"method":"css selector","selector":"[name="submit"]"}
  (Session info: chrome=115.0.5790.171); For documentation on this error, please visit: https://www.selenium.dev/documentation/webdriver/troubleshooting/errors#no-such-element-exception
Stacktrace:
Backtrace:
	GetHandleVerifier [0x0038A813+48355]
	(No symbol) [0x0031C4B1]
	(No symbol) [0x00225358]
	(No symbol) [0x002509A5]
	(No symbol) [0x00250B3B]
	(No symbol) [0x0027E232]
	(No symbol) [0x0026A784]
	(No symbol) [0x0027C922]
	(No symbol) [0x0026A536]
	(No symbol) [0x002482DC]
	(No symbol) [0x002493DD]
	GetHandleVerifier [0x005EAABD+2539405]
	GetHandleVerifier [0x0062A78F+2800735]
	GetHandleVerifier [0x0062456C+2775612]
	GetHandleVerifier [0x004151E0+616112]
	(No symbol) [0x00325F8C]
	(No symbol) [0x00322328]
	(No symbol) [0x0032240B]
	(No symbol) [0x00314FF7]
	BaseThreadInitThunk [0x762200C9+25]
	RtlGetAppContainerNamedObjectPath [0x77257B1E+286]
	RtlGetAppContainerNamedObjectPath [0x77257AEE+238]

</p>
                            </td>
                        </tr>
                        <tr>
                            <td colspan="3">
                                Total: 2, Pass: 0, Error: 2 -- Duration: 1.45 s
                            </td>
                        </tr>
                    </tbody>
                </table>
            </div>
        </div>
    </div>
    <script src="https://ajax.googleapis.com/ajax/libs/jquery/2.2.4/jquery.min.js"></script>
    <script type="text/javascript">
        $(document).ready(function(){
            $('td').on('click', '.btn', function(e){
                e.preventDefault();
                e.stopImmediatePropagation();
                var $this = $(this);
                var $nextRow = $this.closest('tr').next('tr');
                $nextRow.slideToggle("fast");
                $this.text(function(i, text){
                    if (text === 'View') {
                        return 'Hide';
                    } else {
                        return 'View';
                    };
                });
            });
        });
    </script>
</body>
</html